<?xml version="1.0" encoding="UTF-8" ?>
<testsuite tests="1" failures="1" name="ServiceOfNewsTest" time="0.058" errors="0" skipped="0">
  <properties>
[...]
</properties>
  <testcase classname="ServiceOfNewsTest" name="ServiceOfNewsTest.testDeleteNews" time="0.058">
    <failure message="Cannot invoke &quot;FacadeService.getNews(String)&quot; because &quot;this.serviceOfNews&quot; is null" type="java.lang.NullPointerException">java.lang.NullPointerException: Cannot invoke &quot;FacadeService.getNews(String)&quot; because &quot;this.serviceOfNews&quot; is null
	at ServiceOfNewsTest.testDeleteNews(ServiceOfNewsTest.java:90)
</failure>
  </testcase>
</testsuite>